<?xml version="1.0" encoding="UTF-8"?>
<!-- Generated by org.testng.reporters.JUnitXMLReporter -->
<testsuite ignored="0" hostname="DESKTOP-ADI1JOH" failures="1" tests="6" name="TodoMVC Tests" time="15.259" errors="0" timestamp="2025-03-19T12:19:01 GMT">
  <testcase classname="testCases.ToDoTests" name="testAddTask" time="0.226"/>
  <testcase classname="testCases.ToDoTests" name="testCompleteTask" time="0.498"/>
  <testcase classname="testCases.ToDoTests" name="testDeleteTask" time="0.215">
    <failure type="org.openqa.selenium.ElementNotInteractableException" message="element not interactable
  (Session info: chrome=134.0.6998.89)
Build info: version: &amp;apos;4.9.1&amp;apos;, revision: &amp;apos;eb2032df7f&amp;apos;
System info: os.name: &amp;apos;Windows 11&amp;apos;, os.arch: &amp;apos;amd64&amp;apos;, os.version: &amp;apos;10.0&amp;apos;, java.version: &amp;apos;21.0.5&amp;apos;
Driver info: org.openqa.selenium.chrome.ChromeDriver
Command: [6368ae574f82482a52c6572000fc9bd8, clickElement {id=f.B2F7EAA55B8322CC157901BB9784310F.d.0697B8F945B0B9BEC55ED08B1CB0B479.e.13}]
Capabilities {acceptInsecureCerts: false, browserName: chrome, browserVersion: 134.0.6998.89, chrome: {chromedriverVersion: 134.0.6998.88 (7e3d5c978c6d..., userDataDir: C:\Users\sheme\AppData\Loca...}, fedcm:accounts: true, goog:chromeOptions: {debuggerAddress: localhost:51704}, networkConnectionEnabled: false, pageLoadStrategy: normal, platformName: windows, proxy: Proxy(), se:cdp: ws://localhost:51704/devtoo..., se:cdpVersion: 134.0.6998.89, setWindowRect: true, strictFileInteractability: false, timeouts: {implicit: 0, pageLoad: 300000, script: 30000}, unhandledPromptBehavior: dismiss and notify, webauthn:extension:credBlob: true, webauthn:extension:largeBlob: true, webauthn:extension:minPinLength: true, webauthn:extension:prf: true, webauthn:virtualAuthenticators: true}
Element: [[[[ChromeDriver: chrome on windows (6368ae574f82482a52c6572000fc9bd8)] -&amp;gt; xpath: //ul[@class=&amp;apos;todo-list&amp;apos;]/li]] -&amp;gt; xpath: //button[@class=&amp;apos;destroy&amp;apos;]]
Session ID: 6368ae574f82482a52c6572000fc9bd8">
      <![CDATA[org.openqa.selenium.ElementNotInteractableException: element not interactable
  (Session info: chrome=134.0.6998.89)
Build info: version: '4.9.1', revision: 'eb2032df7f'
System info: os.name: 'Windows 11', os.arch: 'amd64', os.version: '10.0', java.version: '21.0.5'
Driver info: org.openqa.selenium.chrome.ChromeDriver
Command: [6368ae574f82482a52c6572000fc9bd8, clickElement {id=f.B2F7EAA55B8322CC157901BB9784310F.d.0697B8F945B0B9BEC55ED08B1CB0B479.e.13}]
Capabilities {acceptInsecureCerts: false, browserName: chrome, browserVersion: 134.0.6998.89, chrome: {chromedriverVersion: 134.0.6998.88 (7e3d5c978c6d..., userDataDir: C:\Users\sheme\AppData\Loca...}, fedcm:accounts: true, goog:chromeOptions: {debuggerAddress: localhost:51704}, networkConnectionEnabled: false, pageLoadStrategy: normal, platformName: windows, proxy: Proxy(), se:cdp: ws://localhost:51704/devtoo..., se:cdpVersion: 134.0.6998.89, setWindowRect: true, strictFileInteractability: false, timeouts: {implicit: 0, pageLoad: 300000, script: 30000}, unhandledPromptBehavior: dismiss and notify, webauthn:extension:credBlob: true, webauthn:extension:largeBlob: true, webauthn:extension:minPinLength: true, webauthn:extension:prf: true, webauthn:virtualAuthenticators: true}
Element: [[[[ChromeDriver: chrome on windows (6368ae574f82482a52c6572000fc9bd8)] -> xpath: //ul[@class='todo-list']/li]] -> xpath: //button[@class='destroy']]
Session ID: 6368ae574f82482a52c6572000fc9bd8
at org.openqa.selenium.remote.codec.w3c.W3CHttpResponseCodec.createException(W3CHttpResponseCodec.java:200)
at org.openqa.selenium.remote.codec.w3c.W3CHttpResponseCodec.decode(W3CHttpResponseCodec.java:133)
at org.openqa.selenium.remote.codec.w3c.W3CHttpResponseCodec.decode(W3CHttpResponseCodec.java:53)
at org.openqa.selenium.remote.HttpCommandExecutor.execute(HttpCommandExecutor.java:193)
at org.openqa.selenium.remote.service.DriverCommandExecutor.invokeExecute(DriverCommandExecutor.java:183)
at org.openqa.selenium.remote.service.DriverCommandExecutor.execute(DriverCommandExecutor.java:158)
at org.openqa.selenium.remote.RemoteWebDriver.execute(RemoteWebDriver.java:543)
at org.openqa.selenium.remote.RemoteWebElement.execute(RemoteWebElement.java:257)
at org.openqa.selenium.remote.RemoteWebElement.click(RemoteWebElement.java:78)
at pageClasses.ToDoPage.deleteFirstTask(ToDoPage.java:44)
at testCases.ToDoTests.testDeleteTask(ToDoTests.java:40)
at java.base/java.util.ArrayList.forEach(ArrayList.java:1596)
... Removed 28 stack frames]]>
    </failure>
  </testcase> <!-- testDeleteTask -->
  <testcase classname="testCases.ToDoTests" name="testE2E_AddMultipleTasksAndFilterActive" time="0.533"/>
  <testcase classname="testCases.ToDoTests" name="testFilterActiveTasks" time="0.561"/>
  <testcase classname="testCases.ToDoTests" name="testFilterCompletedTasks" time="0.485"/>
</testsuite> <!-- TodoMVC Tests -->
